<?xml version="1.0" encoding="UTF-8"?>
<!-- Generated by org.testng.reporters.JUnitXMLReporter -->
<testsuite ignored="0" hostname="SDD-56" failures="0" tests="5" name="Search Tests" time="121.636" errors="0" timestamp="2021-05-25T12:47:22 IST">
  <testcase classname="com.hedis.automation.uitest.search.SearchTest" name="testSearchByName" time="3.888"/>
  <testcase classname="com.hedis.automation.uitest.search.SearchTest" name="testSearchByName" time="2.918"/>
  <testcase classname="com.hedis.automation.uitest.search.SearchTest" name="testSearchByName" time="3.638"/>
  <testcase classname="com.hedis.automation.uitest.search.SearchTest" name="testSearchByName" time="52.843"/>
  <testcase classname="com.hedis.automation.uitest.search.SearchTest" name="testSearchByOrg" time="3.644"/>
</testsuite> <!-- Search Tests -->
