<?xml version="1.0" encoding="UTF-8"?>
<!-- Generated by org.testng.reporters.JUnitXMLReporter -->
<testsuite ignored="0" hostname="SDD-56" failures="0" tests="7" name="Default test" time="171.789" errors="0" timestamp="2021-06-15T17:20:22 IST">
  <testcase classname="com.hedis.automation.uitest.search.SearchTest" name="testSearchByDob" time="54.895"/>
  <testcase classname="com.hedis.automation.uitest.search.SearchTest" name="testSearchByName" time="3.207"/>
  <testcase classname="com.hedis.automation.uitest.search.SearchTest" name="testSearchByName" time="3.164"/>
  <testcase classname="com.hedis.automation.uitest.search.SearchTest" name="testSearchByName" time="3.341"/>
  <testcase classname="com.hedis.automation.uitest.search.SearchTest" name="testSearchByName" time="52.988"/>
  <testcase classname="com.hedis.automation.uitest.search.SearchTest" name="testSearchByOrg" time="3.401"/>
  <testcase classname="com.hedis.automation.uitest.search.SearchTest" name="testSearchResultIcons" time="2.867"/>
</testsuite> <!-- Default test -->
